2014-09-08 22:59:20,826 INFO firstuser submitted twice
2014-09-08 22:59:20,847 INFO oaep decoding error
2014-09-08 23:00:03,206 INFO firstuser submitted twice
2014-09-08 23:00:03,225 INFO oaep decoding error
2014-09-08 23:03:13,753 INFO firstuser submitted twice
2014-09-08 23:03:13,770 INFO oaep decoding error
2014-09-08 23:05:28,577 INFO no such table: user_flags
2014-09-08 23:05:28,578 INFO name 'user_flag_exists' is not defined
2014-09-08 23:07:05,724 INFO firstuser submitted twice
2014-09-08 23:07:05,741 INFO oaep decoding error
2014-09-08 23:10:59,155 INFO firstuser submitted twice
2014-09-08 23:10:59,178 INFO oaep decoding error
2014-09-08 23:12:10,203 INFO firstuser submitted twice
2014-09-08 23:12:10,222 INFO oaep decoding error
2014-09-09 18:13:23,905 INFO firstuser submitted twice
2014-09-09 18:13:23,922 INFO global name 'logger' is not defined
2014-09-09 18:15:13,608 INFO firstuser submitted twice
2014-09-09 18:15:13,608 INFO firstuser submitted twice
2014-09-09 18:15:13,625 INFO oaep decoding error
2014-09-09 18:15:13,625 INFO oaep decoding error
2014-09-09 18:15:13,625 INFO local variable 'decrypted' referenced before assignment
2014-09-09 18:15:13,625 INFO local variable 'decrypted' referenced before assignment
2014-09-09 18:18:54,694 INFO firstuser has submitted more than once
2014-09-09 18:18:54,694 INFO firstuser has submitted more than once
2014-09-09 18:18:54,711 INFO oaep decoding error
2014-09-09 18:18:54,711 INFO oaep decoding error
2014-09-09 18:18:54,731 INFO padding check failed
2014-09-09 18:18:54,731 INFO padding check failed
2014-09-09 18:18:54,749 INFO oaep decoding error
2014-09-09 18:18:54,749 INFO oaep decoding error
2014-09-09 18:18:54,771 INFO padding check failed
2014-09-09 18:18:54,771 INFO padding check failed
2014-09-09 18:18:54,788 INFO oaep decoding error
2014-09-09 18:18:54,788 INFO oaep decoding error
2014-09-09 18:18:54,808 INFO padding check failed
2014-09-09 18:18:54,808 INFO padding check failed
2014-09-09 18:18:54,825 INFO oaep decoding error
2014-09-09 18:18:54,825 INFO oaep decoding error
2014-09-09 18:18:54,842 INFO padding check failed
2014-09-09 18:18:54,842 INFO padding check failed
2014-09-09 18:18:54,866 INFO oaep decoding error
2014-09-09 18:18:54,866 INFO oaep decoding error
2014-09-09 18:18:54,883 INFO padding check failed
2014-09-09 18:18:54,883 INFO padding check failed
2014-09-09 18:18:54,900 INFO oaep decoding error
2014-09-09 18:18:54,900 INFO oaep decoding error
2014-09-09 18:18:54,917 INFO padding check failed
2014-09-09 18:18:54,917 INFO padding check failed
2014-09-09 18:18:54,934 INFO oaep decoding error
2014-09-09 18:18:54,934 INFO oaep decoding error
2014-09-09 18:18:54,951 INFO padding check failed
2014-09-09 18:18:54,951 INFO padding check failed
2014-09-09 18:18:54,968 INFO padding check failed
2014-09-09 18:18:54,968 INFO padding check failed
2014-09-09 18:18:54,986 INFO padding check failed
2014-09-09 18:18:54,986 INFO padding check failed
2014-09-09 18:18:55,004 INFO padding check failed
2014-09-09 18:18:55,004 INFO padding check failed
2014-09-09 18:18:55,023 INFO padding check failed
2014-09-09 18:18:55,023 INFO padding check failed
2014-09-09 18:18:55,041 INFO padding check failed
2014-09-09 18:18:55,041 INFO padding check failed
2014-09-09 18:18:55,058 INFO padding check failed
2014-09-09 18:18:55,058 INFO padding check failed
2014-09-09 18:18:55,079 INFO padding check failed
2014-09-09 18:18:55,079 INFO padding check failed
2014-09-09 18:18:55,096 INFO padding check failed
2014-09-09 18:18:55,096 INFO padding check failed
2014-09-09 18:18:55,113 INFO padding check failed
2014-09-09 18:18:55,113 INFO padding check failed
2014-09-09 18:18:55,130 INFO padding check failed
2014-09-09 18:18:55,130 INFO padding check failed
2014-09-09 18:18:55,150 INFO padding check failed
2014-09-09 18:18:55,150 INFO padding check failed
2014-09-09 18:18:55,170 INFO padding check failed
2014-09-09 18:18:55,170 INFO padding check failed
2014-09-09 18:18:55,187 INFO padding check failed
2014-09-09 18:18:55,187 INFO padding check failed
2014-09-09 18:18:55,207 INFO padding check failed
2014-09-09 18:18:55,207 INFO padding check failed
2014-09-09 18:18:55,226 INFO padding check failed
2014-09-09 18:18:55,226 INFO padding check failed
2014-09-09 18:18:55,245 INFO padding check failed
2014-09-09 18:18:55,245 INFO padding check failed
2014-09-09 18:18:55,269 INFO padding check failed
2014-09-09 18:18:55,269 INFO padding check failed
2014-09-09 18:18:55,286 INFO padding check failed
2014-09-09 18:18:55,286 INFO padding check failed
2014-09-09 18:18:55,306 INFO padding check failed
2014-09-09 18:18:55,306 INFO padding check failed
2014-09-09 18:18:55,327 INFO padding check failed
2014-09-09 18:18:55,327 INFO padding check failed
2014-09-09 18:18:55,349 INFO padding check failed
2014-09-09 18:18:55,349 INFO padding check failed
2014-09-09 18:18:55,381 INFO padding check failed
2014-09-09 18:18:55,381 INFO padding check failed
2014-09-09 18:18:55,405 INFO padding check failed
2014-09-09 18:18:55,405 INFO padding check failed
2014-09-09 18:18:55,422 INFO padding check failed
2014-09-09 18:18:55,422 INFO padding check failed
2014-09-09 18:18:55,442 INFO padding check failed
2014-09-09 18:18:55,442 INFO padding check failed
2014-09-09 18:18:55,461 INFO padding check failed
2014-09-09 18:18:55,461 INFO padding check failed
2014-09-09 18:18:55,480 INFO padding check failed
2014-09-09 18:18:55,480 INFO padding check failed
2014-09-09 18:18:55,500 INFO padding check failed
2014-09-09 18:18:55,500 INFO padding check failed
2014-09-09 18:18:55,518 INFO padding check failed
2014-09-09 18:18:55,518 INFO padding check failed
2014-09-09 18:18:55,539 INFO padding check failed
2014-09-09 18:18:55,539 INFO padding check failed
2014-09-09 18:18:55,562 INFO padding check failed
2014-09-09 18:18:55,562 INFO padding check failed
2014-09-09 18:18:55,586 INFO padding check failed
2014-09-09 18:18:55,586 INFO padding check failed
2014-09-09 18:18:55,613 INFO padding check failed
2014-09-09 18:18:55,613 INFO padding check failed
2014-09-09 18:18:55,636 INFO padding check failed
2014-09-09 18:18:55,636 INFO padding check failed
2014-09-09 18:18:55,659 INFO padding check failed
2014-09-09 18:18:55,659 INFO padding check failed
2014-09-09 18:18:55,678 INFO padding check failed
2014-09-09 18:18:55,678 INFO padding check failed
2014-09-09 18:18:55,700 INFO padding check failed
2014-09-09 18:18:55,700 INFO padding check failed
2014-09-09 18:18:55,724 INFO padding check failed
2014-09-09 18:18:55,724 INFO padding check failed
2014-09-09 18:18:55,743 INFO padding check failed
2014-09-09 18:18:55,743 INFO padding check failed
2014-09-09 18:18:55,766 INFO padding check failed
2014-09-09 18:18:55,766 INFO padding check failed
2014-09-09 18:18:55,790 INFO padding check failed
2014-09-09 18:18:55,790 INFO padding check failed
2014-09-09 18:18:55,814 INFO padding check failed
2014-09-09 18:18:55,814 INFO padding check failed
2014-09-09 18:18:55,837 INFO padding check failed
2014-09-09 18:18:55,837 INFO padding check failed
2014-09-09 18:18:55,859 INFO padding check failed
2014-09-09 18:18:55,859 INFO padding check failed
2014-09-09 18:18:55,881 INFO padding check failed
2014-09-09 18:18:55,881 INFO padding check failed
2014-09-09 18:18:55,899 INFO padding check failed
2014-09-09 18:18:55,899 INFO padding check failed
2014-09-09 18:18:55,916 INFO padding check failed
2014-09-09 18:18:55,916 INFO padding check failed
2014-09-09 18:18:55,935 INFO padding check failed
2014-09-09 18:18:55,935 INFO padding check failed
2014-09-09 18:18:55,953 INFO padding check failed
2014-09-09 18:18:55,953 INFO padding check failed
2014-09-09 18:18:55,973 INFO padding check failed
2014-09-09 18:18:55,973 INFO padding check failed
2014-09-09 18:18:55,994 INFO padding check failed
2014-09-09 18:18:55,994 INFO padding check failed
2014-09-09 18:18:56,015 INFO padding check failed
2014-09-09 18:18:56,015 INFO padding check failed
2014-09-09 18:18:56,033 INFO padding check failed
2014-09-09 18:18:56,033 INFO padding check failed
2014-09-09 18:18:56,053 INFO padding check failed
2014-09-09 18:18:56,053 INFO padding check failed
2014-09-09 18:18:56,074 INFO padding check failed
2014-09-09 18:18:56,074 INFO padding check failed
2014-09-09 18:18:56,095 INFO padding check failed
2014-09-09 18:18:56,095 INFO padding check failed
2014-09-09 18:18:56,115 INFO padding check failed
2014-09-09 18:18:56,115 INFO padding check failed
2014-09-09 18:18:56,138 INFO padding check failed
2014-09-09 18:18:56,138 INFO padding check failed
2014-09-09 18:18:56,156 INFO padding check failed
2014-09-09 18:18:56,156 INFO padding check failed
2014-09-09 18:18:56,176 INFO padding check failed
2014-09-09 18:18:56,176 INFO padding check failed
2014-09-09 18:18:56,196 INFO padding check failed
2014-09-09 18:18:56,196 INFO padding check failed
2014-09-09 18:18:56,215 INFO padding check failed
2014-09-09 18:18:56,215 INFO padding check failed
2014-09-09 18:18:56,235 INFO padding check failed
2014-09-09 18:18:56,235 INFO padding check failed
2014-09-09 18:18:56,254 INFO padding check failed
2014-09-09 18:18:56,254 INFO padding check failed
2014-09-09 18:18:56,272 INFO padding check failed
2014-09-09 18:18:56,272 INFO padding check failed
2014-09-09 18:18:56,292 INFO padding check failed
2014-09-09 18:18:56,292 INFO padding check failed
2014-09-09 18:18:56,312 INFO padding check failed
2014-09-09 18:18:56,312 INFO padding check failed
2014-09-09 18:18:56,334 INFO padding check failed
2014-09-09 18:18:56,334 INFO padding check failed
2014-09-09 18:18:56,351 INFO padding check failed
2014-09-09 18:18:56,351 INFO padding check failed
2014-09-09 18:18:56,387 INFO padding check failed
2014-09-09 18:18:56,387 INFO padding check failed
2014-09-09 18:18:56,413 INFO padding check failed
2014-09-09 18:18:56,413 INFO padding check failed
2014-09-09 18:18:56,430 INFO padding check failed
2014-09-09 18:18:56,430 INFO padding check failed
2014-09-09 18:18:56,447 INFO padding check failed
2014-09-09 18:18:56,447 INFO padding check failed
2014-09-09 18:18:56,470 INFO padding check failed
2014-09-09 18:18:56,470 INFO padding check failed
2014-09-09 18:18:56,488 INFO padding check failed
2014-09-09 18:18:56,488 INFO padding check failed
2014-09-09 18:18:56,507 INFO padding check failed
2014-09-09 18:18:56,507 INFO padding check failed
2014-09-09 18:18:56,525 INFO padding check failed
2014-09-09 18:18:56,525 INFO padding check failed
2014-09-09 18:18:56,548 INFO padding check failed
2014-09-09 18:18:56,548 INFO padding check failed
2014-09-09 18:18:56,569 INFO padding check failed
2014-09-09 18:18:56,569 INFO padding check failed
2014-09-09 18:18:56,589 INFO padding check failed
2014-09-09 18:18:56,589 INFO padding check failed
2014-09-09 18:18:56,613 INFO padding check failed
2014-09-09 18:18:56,613 INFO padding check failed
2014-09-09 18:18:56,632 INFO padding check failed
2014-09-09 18:18:56,632 INFO padding check failed
2014-09-09 18:18:56,652 INFO padding check failed
2014-09-09 18:18:56,652 INFO padding check failed
2014-09-09 18:18:56,670 INFO padding check failed
2014-09-09 18:18:56,670 INFO padding check failed
2014-09-09 18:18:56,689 INFO padding check failed
2014-09-09 18:18:56,689 INFO padding check failed
2014-09-09 18:18:56,708 INFO padding check failed
2014-09-09 18:18:56,708 INFO padding check failed
2014-09-09 18:18:56,726 INFO padding check failed
2014-09-09 18:18:56,726 INFO padding check failed
2014-09-09 18:18:56,744 INFO padding check failed
2014-09-09 18:18:56,744 INFO padding check failed
2014-09-09 18:18:56,763 INFO padding check failed
2014-09-09 18:18:56,763 INFO padding check failed
2014-09-09 18:18:56,781 INFO padding check failed
2014-09-09 18:18:56,781 INFO padding check failed
2014-09-09 18:18:56,801 INFO padding check failed
2014-09-09 18:18:56,801 INFO padding check failed
2014-09-09 18:18:56,819 INFO padding check failed
2014-09-09 18:18:56,819 INFO padding check failed
2014-09-09 18:18:56,838 INFO padding check failed
2014-09-09 18:18:56,838 INFO padding check failed
2014-09-09 18:18:56,858 INFO padding check failed
2014-09-09 18:18:56,858 INFO padding check failed
2014-09-09 18:18:56,880 INFO padding check failed
2014-09-09 18:18:56,880 INFO padding check failed
2014-09-09 18:18:56,898 INFO padding check failed
2014-09-09 18:18:56,898 INFO padding check failed
2014-09-09 18:18:56,918 INFO padding check failed
2014-09-09 18:18:56,918 INFO padding check failed
2014-09-09 18:18:56,937 INFO padding check failed
2014-09-09 18:18:56,937 INFO padding check failed
2014-09-09 18:18:56,955 INFO padding check failed
2014-09-09 18:18:56,955 INFO padding check failed
2014-09-09 18:18:56,975 INFO padding check failed
2014-09-09 18:18:56,975 INFO padding check failed
2014-09-09 18:18:56,996 INFO padding check failed
2014-09-09 18:18:56,996 INFO padding check failed
2014-09-09 18:18:57,015 INFO padding check failed
2014-09-09 18:18:57,015 INFO padding check failed
2014-09-09 18:18:57,037 INFO padding check failed
2014-09-09 18:18:57,037 INFO padding check failed
2014-09-09 18:18:57,057 INFO padding check failed
2014-09-09 18:18:57,057 INFO padding check failed
2014-09-09 18:18:57,080 INFO padding check failed
2014-09-09 18:18:57,080 INFO padding check failed
2014-09-09 18:18:57,100 INFO padding check failed
2014-09-09 18:18:57,100 INFO padding check failed
2014-09-09 18:18:57,118 INFO padding check failed
2014-09-09 18:18:57,118 INFO padding check failed
2014-09-09 18:18:57,136 INFO padding check failed
2014-09-09 18:18:57,136 INFO padding check failed
2014-09-09 18:18:57,156 INFO padding check failed
2014-09-09 18:18:57,156 INFO padding check failed
2014-09-09 18:18:57,181 INFO padding check failed
2014-09-09 18:18:57,181 INFO padding check failed
2014-09-09 18:18:57,210 INFO padding check failed
2014-09-09 18:18:57,210 INFO padding check failed
2014-09-09 18:18:57,233 INFO padding check failed
2014-09-09 18:18:57,233 INFO padding check failed
2014-09-09 18:18:57,253 INFO padding check failed
2014-09-09 18:18:57,253 INFO padding check failed
2014-09-09 18:18:57,273 INFO padding check failed
2014-09-09 18:18:57,273 INFO padding check failed
2014-09-09 18:18:57,293 INFO padding check failed
2014-09-09 18:18:57,293 INFO padding check failed
2014-09-09 18:18:57,312 INFO padding check failed
2014-09-09 18:18:57,312 INFO padding check failed
2014-09-09 18:18:57,331 INFO padding check failed
2014-09-09 18:18:57,331 INFO padding check failed
2014-09-09 18:18:57,350 INFO padding check failed
2014-09-09 18:18:57,350 INFO padding check failed
2014-09-09 18:18:57,373 INFO padding check failed
2014-09-09 18:18:57,373 INFO padding check failed
2014-09-09 18:18:57,394 INFO padding check failed
2014-09-09 18:18:57,394 INFO padding check failed
2014-09-09 18:18:57,412 INFO padding check failed
2014-09-09 18:18:57,412 INFO padding check failed
2014-09-09 18:18:57,430 INFO padding check failed
2014-09-09 18:18:57,430 INFO padding check failed
2014-09-09 18:18:57,451 INFO padding check failed
2014-09-09 18:18:57,451 INFO padding check failed
2014-09-09 18:18:57,470 INFO padding check failed
2014-09-09 18:18:57,470 INFO padding check failed
2014-09-09 18:18:57,490 INFO padding check failed
2014-09-09 18:18:57,490 INFO padding check failed
2014-09-09 18:18:57,512 INFO padding check failed
2014-09-09 18:18:57,512 INFO padding check failed
2014-09-09 18:18:57,531 INFO padding check failed
2014-09-09 18:18:57,531 INFO padding check failed
2014-09-09 18:18:57,551 INFO padding check failed
2014-09-09 18:18:57,551 INFO padding check failed
2014-09-09 18:18:57,571 INFO padding check failed
2014-09-09 18:18:57,571 INFO padding check failed
2014-09-09 18:18:57,592 INFO padding check failed
2014-09-09 18:18:57,592 INFO padding check failed
2014-09-09 18:18:57,611 INFO padding check failed
2014-09-09 18:18:57,611 INFO padding check failed
2014-09-09 18:18:57,638 INFO padding check failed
2014-09-09 18:18:57,638 INFO padding check failed
2014-09-09 18:18:57,656 INFO padding check failed
2014-09-09 18:18:57,656 INFO padding check failed
2014-09-09 18:18:57,675 INFO padding check failed
2014-09-09 18:18:57,675 INFO padding check failed
2014-09-09 18:18:57,693 INFO padding check failed
2014-09-09 18:18:57,693 INFO padding check failed
2014-09-09 18:18:57,711 INFO padding check failed
2014-09-09 18:18:57,711 INFO padding check failed
2014-09-09 18:18:57,729 INFO padding check failed
2014-09-09 18:18:57,729 INFO padding check failed
2014-09-09 18:18:57,749 INFO padding check failed
2014-09-09 18:18:57,749 INFO padding check failed
2014-09-09 18:18:57,768 INFO padding check failed
2014-09-09 18:18:57,768 INFO padding check failed
2014-09-09 18:18:57,787 INFO padding check failed
2014-09-09 18:18:57,787 INFO padding check failed
2014-09-09 18:18:57,805 INFO padding check failed
2014-09-09 18:18:57,805 INFO padding check failed
2014-09-09 18:18:57,824 INFO padding check failed
2014-09-09 18:18:57,824 INFO padding check failed
2014-09-09 18:18:57,843 INFO padding check failed
2014-09-09 18:18:57,843 INFO padding check failed
2014-09-09 18:18:57,862 INFO padding check failed
2014-09-09 18:18:57,862 INFO padding check failed
2014-09-09 18:18:57,883 INFO padding check failed
2014-09-09 18:18:57,883 INFO padding check failed
2014-09-09 18:18:57,901 INFO padding check failed
2014-09-09 18:18:57,901 INFO padding check failed
2014-09-09 18:18:57,918 INFO padding check failed
2014-09-09 18:18:57,918 INFO padding check failed
2014-09-09 18:18:57,936 INFO padding check failed
2014-09-09 18:18:57,936 INFO padding check failed
2014-09-09 18:18:57,955 INFO padding check failed
2014-09-09 18:18:57,955 INFO padding check failed
2014-09-09 18:18:57,973 INFO padding check failed
2014-09-09 18:18:57,973 INFO padding check failed
2014-09-09 18:18:57,995 INFO padding check failed
2014-09-09 18:18:57,995 INFO padding check failed
2014-09-09 18:18:58,014 INFO padding check failed
2014-09-09 18:18:58,014 INFO padding check failed
2014-09-09 18:18:58,035 INFO padding check failed
2014-09-09 18:18:58,035 INFO padding check failed
2014-09-09 18:18:58,055 INFO padding check failed
2014-09-09 18:18:58,055 INFO padding check failed
2014-09-09 18:18:58,075 INFO padding check failed
2014-09-09 18:18:58,075 INFO padding check failed
2014-09-09 18:18:58,097 INFO padding check failed
2014-09-09 18:18:58,097 INFO padding check failed
2014-09-09 18:18:58,117 INFO padding check failed
2014-09-09 18:18:58,117 INFO padding check failed
2014-09-09 18:18:58,136 INFO padding check failed
2014-09-09 18:18:58,136 INFO padding check failed
2014-09-09 18:18:58,154 INFO padding check failed
2014-09-09 18:18:58,154 INFO padding check failed
2014-09-09 18:18:58,173 INFO padding check failed
2014-09-09 18:18:58,173 INFO padding check failed
2014-09-09 18:18:58,191 INFO padding check failed
2014-09-09 18:18:58,191 INFO padding check failed
2014-09-09 18:18:58,210 INFO padding check failed
2014-09-09 18:18:58,210 INFO padding check failed
2014-09-09 18:18:58,232 INFO padding check failed
2014-09-09 18:18:58,232 INFO padding check failed
2014-09-09 18:18:58,254 INFO padding check failed
2014-09-09 18:18:58,254 INFO padding check failed
2014-09-09 18:18:58,277 INFO padding check failed
2014-09-09 18:18:58,277 INFO padding check failed
2014-09-09 18:18:58,299 INFO padding check failed
2014-09-09 18:18:58,299 INFO padding check failed
2014-09-09 18:18:58,318 INFO padding check failed
2014-09-09 18:18:58,318 INFO padding check failed
2014-09-09 18:18:58,338 INFO padding check failed
2014-09-09 18:18:58,338 INFO padding check failed
2014-09-09 18:18:58,356 INFO padding check failed
2014-09-09 18:18:58,356 INFO padding check failed
2014-09-09 18:18:58,380 INFO padding check failed
2014-09-09 18:18:58,380 INFO padding check failed
2014-09-09 18:18:58,399 INFO padding check failed
2014-09-09 18:18:58,399 INFO padding check failed
2014-09-09 18:18:58,416 INFO padding check failed
2014-09-09 18:18:58,416 INFO padding check failed
2014-09-09 18:18:58,435 INFO padding check failed
2014-09-09 18:18:58,435 INFO padding check failed
2014-09-09 18:18:58,453 INFO padding check failed
2014-09-09 18:18:58,453 INFO padding check failed
2014-09-09 18:18:58,474 INFO padding check failed
2014-09-09 18:18:58,474 INFO padding check failed
2014-09-09 18:18:58,493 INFO padding check failed
2014-09-09 18:18:58,493 INFO padding check failed
2014-09-09 18:18:58,510 INFO padding check failed
2014-09-09 18:18:58,510 INFO padding check failed
2014-09-09 18:18:58,531 INFO padding check failed
2014-09-09 18:18:58,531 INFO padding check failed
2014-09-09 18:18:58,551 INFO padding check failed
2014-09-09 18:18:58,551 INFO padding check failed
2014-09-09 18:18:58,571 INFO padding check failed
2014-09-09 18:18:58,571 INFO padding check failed
2014-09-09 18:18:58,593 INFO padding check failed
2014-09-09 18:18:58,593 INFO padding check failed
2014-09-09 18:18:58,612 INFO padding check failed
2014-09-09 18:18:58,612 INFO padding check failed
2014-09-09 18:18:58,633 INFO padding check failed
2014-09-09 18:18:58,633 INFO padding check failed
2014-09-09 18:18:58,653 INFO padding check failed
2014-09-09 18:18:58,653 INFO padding check failed
2014-09-09 18:18:58,672 INFO padding check failed
2014-09-09 18:18:58,672 INFO padding check failed
2014-09-09 18:18:58,690 INFO padding check failed
2014-09-09 18:18:58,690 INFO padding check failed
2014-09-09 18:18:58,709 INFO padding check failed
2014-09-09 18:18:58,709 INFO padding check failed
2014-09-09 18:18:58,729 INFO padding check failed
2014-09-09 18:18:58,729 INFO padding check failed
2014-09-09 18:18:58,757 INFO padding check failed
2014-09-09 18:18:58,757 INFO padding check failed
2014-09-09 18:18:58,781 INFO padding check failed
2014-09-09 18:18:58,781 INFO padding check failed
2014-09-09 18:18:58,801 INFO padding check failed
2014-09-09 18:18:58,801 INFO padding check failed
2014-09-09 18:18:58,819 INFO padding check failed
2014-09-09 18:18:58,819 INFO padding check failed
2014-09-09 18:18:58,843 INFO padding check failed
2014-09-09 18:18:58,843 INFO padding check failed
2014-09-09 18:18:58,864 INFO padding check failed
2014-09-09 18:18:58,864 INFO padding check failed
2014-09-09 18:18:58,883 INFO padding check failed
2014-09-09 18:18:58,883 INFO padding check failed
2014-09-09 18:18:58,901 INFO padding check failed
2014-09-09 18:18:58,901 INFO padding check failed
2014-09-09 18:18:58,921 INFO padding check failed
2014-09-09 18:18:58,921 INFO padding check failed
2014-09-09 18:18:58,940 INFO padding check failed
2014-09-09 18:18:58,940 INFO padding check failed
2014-09-09 18:18:58,957 INFO padding check failed
2014-09-09 18:18:58,957 INFO padding check failed
2014-09-09 18:18:58,978 INFO padding check failed
2014-09-09 18:18:58,978 INFO padding check failed
2014-09-09 18:18:58,998 INFO padding check failed
2014-09-09 18:18:58,998 INFO padding check failed
2014-09-09 18:18:59,020 INFO padding check failed
2014-09-09 18:18:59,020 INFO padding check failed
2014-09-09 18:18:59,041 INFO padding check failed
2014-09-09 18:18:59,041 INFO padding check failed
2014-09-09 18:18:59,060 INFO padding check failed
2014-09-09 18:18:59,060 INFO padding check failed
2014-09-09 18:18:59,080 INFO padding check failed
2014-09-09 18:18:59,080 INFO padding check failed
2014-09-09 18:18:59,102 INFO padding check failed
2014-09-09 18:18:59,102 INFO padding check failed
2014-09-09 18:18:59,121 INFO padding check failed
2014-09-09 18:18:59,121 INFO padding check failed
2014-09-09 18:18:59,143 INFO padding check failed
2014-09-09 18:18:59,143 INFO padding check failed
2014-09-09 18:18:59,163 INFO padding check failed
2014-09-09 18:18:59,163 INFO padding check failed
2014-09-09 18:18:59,184 INFO padding check failed
2014-09-09 18:18:59,184 INFO padding check failed
2014-09-09 18:18:59,204 INFO padding check failed
2014-09-09 18:18:59,204 INFO padding check failed
2014-09-09 18:18:59,224 INFO padding check failed
2014-09-09 18:18:59,224 INFO padding check failed
2014-09-09 18:18:59,244 INFO padding check failed
2014-09-09 18:18:59,244 INFO padding check failed
2014-09-09 18:18:59,264 INFO padding check failed
2014-09-09 18:18:59,264 INFO padding check failed
2014-09-09 18:18:59,285 INFO padding check failed
2014-09-09 18:18:59,285 INFO padding check failed
2014-09-09 18:18:59,306 INFO padding check failed
2014-09-09 18:18:59,306 INFO padding check failed
2014-09-09 18:18:59,324 INFO padding check failed
2014-09-09 18:18:59,324 INFO padding check failed
2014-09-09 18:18:59,342 INFO padding check failed
2014-09-09 18:18:59,342 INFO padding check failed
2014-09-09 18:18:59,361 INFO padding check failed
2014-09-09 18:18:59,361 INFO padding check failed
2014-09-09 18:18:59,387 INFO padding check failed
2014-09-09 18:18:59,387 INFO padding check failed
2014-09-09 18:18:59,406 INFO padding check failed
2014-09-09 18:18:59,406 INFO padding check failed
2014-09-09 18:18:59,424 INFO padding check failed
2014-09-09 18:18:59,424 INFO padding check failed
2014-09-09 18:18:59,443 INFO padding check failed
2014-09-09 18:18:59,443 INFO padding check failed
2014-09-09 18:18:59,464 INFO padding check failed
2014-09-09 18:18:59,464 INFO padding check failed
2014-09-09 18:18:59,484 INFO padding check failed
2014-09-09 18:18:59,484 INFO padding check failed
2014-09-09 18:18:59,502 INFO padding check failed
2014-09-09 18:18:59,502 INFO padding check failed
2014-09-09 18:18:59,522 INFO padding check failed
2014-09-09 18:18:59,522 INFO padding check failed
2014-09-09 18:18:59,545 INFO padding check failed
2014-09-09 18:18:59,545 INFO padding check failed
2014-09-09 18:18:59,564 INFO padding check failed
2014-09-09 18:18:59,564 INFO padding check failed
2014-09-09 18:18:59,587 INFO padding check failed
2014-09-09 18:18:59,587 INFO padding check failed
2014-09-09 18:18:59,606 INFO padding check failed
2014-09-09 18:18:59,606 INFO padding check failed
2014-09-09 18:18:59,632 INFO padding check failed
2014-09-09 18:18:59,632 INFO padding check failed
2014-09-09 18:18:59,666 INFO padding check failed
2014-09-09 18:18:59,666 INFO padding check failed
2014-09-09 18:18:59,688 INFO padding check failed
2014-09-09 18:18:59,688 INFO padding check failed
2014-09-09 18:18:59,711 INFO padding check failed
2014-09-09 18:18:59,711 INFO padding check failed
2014-09-09 18:18:59,735 INFO padding check failed
2014-09-09 18:18:59,735 INFO padding check failed
2014-09-09 18:18:59,761 INFO padding check failed
2014-09-09 18:18:59,761 INFO padding check failed
2014-09-09 18:18:59,787 INFO padding check failed
2014-09-09 18:18:59,787 INFO padding check failed
2014-09-09 18:18:59,811 INFO padding check failed
2014-09-09 18:18:59,811 INFO padding check failed
2014-09-09 18:18:59,829 INFO padding check failed
2014-09-09 18:18:59,829 INFO padding check failed
2014-09-09 18:18:59,847 INFO padding check failed
2014-09-09 18:18:59,847 INFO padding check failed
2014-09-09 18:19:18,926 INFO firstuser has submitted more than once
2014-09-09 18:19:18,926 INFO firstuser has submitted more than once
2014-09-09 18:19:18,943 INFO oaep decoding error
2014-09-09 18:19:18,943 INFO oaep decoding error
2014-09-09 18:19:18,960 INFO padding check failed
2014-09-09 18:19:18,960 INFO padding check failed
2014-09-09 18:19:18,977 INFO oaep decoding error
2014-09-09 18:19:18,977 INFO oaep decoding error
2014-09-09 18:19:18,994 INFO padding check failed
2014-09-09 18:19:18,994 INFO padding check failed
2014-09-09 18:19:19,013 INFO oaep decoding error
2014-09-09 18:19:19,013 INFO oaep decoding error
2014-09-09 18:19:19,031 INFO padding check failed
2014-09-09 18:19:19,031 INFO padding check failed
2014-09-09 18:19:19,049 INFO oaep decoding error
2014-09-09 18:19:19,049 INFO oaep decoding error
2014-09-09 18:19:19,066 INFO padding check failed
2014-09-09 18:19:19,066 INFO padding check failed
2014-09-09 18:19:19,084 INFO oaep decoding error
2014-09-09 18:19:19,084 INFO oaep decoding error
2014-09-09 18:19:19,101 INFO padding check failed
2014-09-09 18:19:19,101 INFO padding check failed
2014-09-09 18:19:19,119 INFO oaep decoding error
2014-09-09 18:19:19,119 INFO oaep decoding error
2014-09-09 18:19:19,143 INFO padding check failed
2014-09-09 18:19:19,143 INFO padding check failed
2014-09-09 18:19:19,160 INFO oaep decoding error
2014-09-09 18:19:19,160 INFO oaep decoding error
2014-09-09 18:19:19,177 INFO padding check failed
2014-09-09 18:19:19,177 INFO padding check failed
2014-09-09 18:19:19,195 INFO padding check failed
2014-09-09 18:19:19,195 INFO padding check failed
2014-09-09 18:19:19,212 INFO padding check failed
2014-09-09 18:19:19,212 INFO padding check failed
2014-09-09 18:19:19,230 INFO padding check failed
2014-09-09 18:19:19,230 INFO padding check failed
2014-09-09 18:19:19,247 INFO padding check failed
2014-09-09 18:19:19,247 INFO padding check failed
2014-09-09 18:19:19,265 INFO padding check failed
2014-09-09 18:19:19,265 INFO padding check failed
2014-09-09 18:19:19,282 INFO padding check failed
2014-09-09 18:19:19,282 INFO padding check failed
2014-09-09 18:19:19,299 INFO padding check failed
2014-09-09 18:19:19,299 INFO padding check failed
2014-09-09 18:19:19,318 INFO padding check failed
2014-09-09 18:19:19,318 INFO padding check failed
2014-09-09 18:19:19,339 INFO padding check failed
2014-09-09 18:19:19,339 INFO padding check failed
2014-09-09 18:19:19,359 INFO padding check failed
2014-09-09 18:19:19,359 INFO padding check failed
2014-09-09 18:19:19,385 INFO padding check failed
2014-09-09 18:19:19,385 INFO padding check failed
2014-09-09 18:19:19,404 INFO padding check failed
2014-09-09 18:19:19,404 INFO padding check failed
2014-09-09 18:19:19,423 INFO padding check failed
2014-09-09 18:19:19,423 INFO padding check failed
2014-09-09 18:19:19,441 INFO padding check failed
2014-09-09 18:19:19,441 INFO padding check failed
2014-09-09 18:19:19,462 INFO padding check failed
2014-09-09 18:19:19,462 INFO padding check failed
2014-09-09 18:19:19,485 INFO padding check failed
2014-09-09 18:19:19,485 INFO padding check failed
2014-09-09 18:19:19,505 INFO padding check failed
2014-09-09 18:19:19,505 INFO padding check failed
2014-09-09 18:19:19,524 INFO padding check failed
2014-09-09 18:19:19,524 INFO padding check failed
2014-09-09 18:19:19,543 INFO padding check failed
2014-09-09 18:19:19,543 INFO padding check failed
2014-09-09 18:19:19,561 INFO padding check failed
2014-09-09 18:19:19,561 INFO padding check failed
2014-09-09 18:19:19,579 INFO padding check failed
2014-09-09 18:19:19,579 INFO padding check failed
2014-09-09 18:19:19,602 INFO padding check failed
2014-09-09 18:19:19,602 INFO padding check failed
2014-09-09 18:19:19,620 INFO padding check failed
2014-09-09 18:19:19,620 INFO padding check failed
2014-09-09 18:19:19,640 INFO padding check failed
2014-09-09 18:19:19,640 INFO padding check failed
2014-09-09 18:19:19,662 INFO padding check failed
2014-09-09 18:19:19,662 INFO padding check failed
2014-09-09 18:19:19,681 INFO padding check failed
2014-09-09 18:19:19,681 INFO padding check failed
2014-09-09 18:19:19,702 INFO padding check failed
2014-09-09 18:19:19,702 INFO padding check failed
2014-09-09 18:19:19,723 INFO padding check failed
2014-09-09 18:19:19,723 INFO padding check failed
2014-09-09 18:19:19,743 INFO padding check failed
2014-09-09 18:19:19,743 INFO padding check failed
2014-09-09 18:19:19,764 INFO padding check failed
2014-09-09 18:19:19,764 INFO padding check failed
2014-09-09 18:19:19,782 INFO padding check failed
2014-09-09 18:19:19,782 INFO padding check failed
2014-09-09 18:19:19,803 INFO padding check failed
2014-09-09 18:19:19,803 INFO padding check failed
2014-09-09 18:19:19,821 INFO padding check failed
2014-09-09 18:19:19,821 INFO padding check failed
2014-09-09 18:19:19,841 INFO padding check failed
2014-09-09 18:19:19,841 INFO padding check failed
2014-09-09 18:19:19,869 INFO padding check failed
2014-09-09 18:19:19,869 INFO padding check failed
2014-09-09 18:19:19,889 INFO padding check failed
2014-09-09 18:19:19,889 INFO padding check failed
2014-09-09 18:19:19,907 INFO padding check failed
2014-09-09 18:19:19,907 INFO padding check failed
2014-09-09 18:19:19,925 INFO padding check failed
2014-09-09 18:19:19,925 INFO padding check failed
2014-09-09 18:19:19,943 INFO padding check failed
2014-09-09 18:19:19,943 INFO padding check failed
2014-09-09 18:19:19,964 INFO padding check failed
2014-09-09 18:19:19,964 INFO padding check failed
2014-09-09 18:19:19,983 INFO padding check failed
2014-09-09 18:19:19,983 INFO padding check failed
2014-09-09 18:19:20,005 INFO padding check failed
2014-09-09 18:19:20,005 INFO padding check failed
2014-09-09 18:19:20,026 INFO padding check failed
2014-09-09 18:19:20,026 INFO padding check failed
2014-09-09 18:19:20,046 INFO padding check failed
2014-09-09 18:19:20,046 INFO padding check failed
2014-09-09 18:19:20,068 INFO padding check failed
2014-09-09 18:19:20,068 INFO padding check failed
2014-09-09 18:19:20,091 INFO padding check failed
2014-09-09 18:19:20,091 INFO padding check failed
2014-09-09 18:19:20,109 INFO padding check failed
2014-09-09 18:19:20,109 INFO padding check failed
2014-09-09 18:19:20,129 INFO padding check failed
2014-09-09 18:19:20,129 INFO padding check failed
2014-09-09 18:19:20,153 INFO padding check failed
2014-09-09 18:19:20,153 INFO padding check failed
2014-09-09 18:19:20,172 INFO padding check failed
2014-09-09 18:19:20,172 INFO padding check failed
2014-09-09 18:19:20,193 INFO padding check failed
2014-09-09 18:19:20,193 INFO padding check failed
2014-09-09 18:19:20,213 INFO padding check failed
2014-09-09 18:19:20,213 INFO padding check failed
2014-09-09 18:19:20,234 INFO padding check failed
2014-09-09 18:19:20,234 INFO padding check failed
2014-09-09 18:19:20,254 INFO padding check failed
2014-09-09 18:19:20,254 INFO padding check failed
2014-09-09 18:19:20,272 INFO padding check failed
2014-09-09 18:19:20,272 INFO padding check failed
2014-09-09 18:19:20,289 INFO padding check failed
2014-09-09 18:19:20,289 INFO padding check failed
2014-09-09 18:19:20,310 INFO padding check failed
2014-09-09 18:19:20,310 INFO padding check failed
2014-09-09 18:19:20,330 INFO padding check failed
2014-09-09 18:19:20,330 INFO padding check failed
2014-09-09 18:19:20,349 INFO padding check failed
2014-09-09 18:19:20,349 INFO padding check failed
2014-09-09 18:19:20,372 INFO padding check failed
2014-09-09 18:19:20,372 INFO padding check failed
2014-09-09 18:19:20,393 INFO padding check failed
2014-09-09 18:19:20,393 INFO padding check failed
2014-09-09 18:19:20,416 INFO padding check failed
2014-09-09 18:19:20,416 INFO padding check failed
2014-09-09 18:19:20,433 INFO padding check failed
2014-09-09 18:19:20,433 INFO padding check failed
2014-09-09 18:19:20,452 INFO padding check failed
2014-09-09 18:19:20,452 INFO padding check failed
2014-09-09 18:19:20,471 INFO padding check failed
2014-09-09 18:19:20,471 INFO padding check failed
2014-09-09 18:19:20,491 INFO padding check failed
2014-09-09 18:19:20,491 INFO padding check failed
2014-09-09 18:19:20,511 INFO padding check failed
2014-09-09 18:19:20,511 INFO padding check failed
2014-09-09 18:19:20,531 INFO padding check failed
2014-09-09 18:19:20,531 INFO padding check failed
2014-09-09 18:19:20,550 INFO padding check failed
2014-09-09 18:19:20,550 INFO padding check failed
2014-09-09 18:19:20,568 INFO padding check failed
2014-09-09 18:19:20,568 INFO padding check failed
2014-09-09 18:19:20,586 INFO padding check failed
2014-09-09 18:19:20,586 INFO padding check failed
2014-09-09 18:19:20,609 INFO padding check failed
2014-09-09 18:19:20,609 INFO padding check failed
2014-09-09 18:19:20,634 INFO padding check failed
2014-09-09 18:19:20,634 INFO padding check failed
2014-09-09 18:19:20,657 INFO padding check failed
2014-09-09 18:19:20,657 INFO padding check failed
2014-09-09 18:19:20,680 INFO padding check failed
2014-09-09 18:19:20,680 INFO padding check failed
2014-09-09 18:19:20,698 INFO padding check failed
2014-09-09 18:19:20,698 INFO padding check failed
2014-09-09 18:19:20,715 INFO padding check failed
2014-09-09 18:19:20,715 INFO padding check failed
2014-09-09 18:19:20,737 INFO padding check failed
2014-09-09 18:19:20,737 INFO padding check failed
2014-09-09 18:19:20,755 INFO padding check failed
2014-09-09 18:19:20,755 INFO padding check failed
2014-09-09 18:19:20,773 INFO padding check failed
2014-09-09 18:19:20,773 INFO padding check failed
2014-09-09 18:19:20,791 INFO padding check failed
2014-09-09 18:19:20,791 INFO padding check failed
2014-09-09 18:19:20,810 INFO padding check failed
2014-09-09 18:19:20,810 INFO padding check failed
2014-09-09 18:19:20,828 INFO padding check failed
2014-09-09 18:19:20,828 INFO padding check failed
2014-09-09 18:19:20,845 INFO padding check failed
2014-09-09 18:19:20,845 INFO padding check failed
2014-09-09 18:20:25,461 INFO 'module' object has no attribute 'loglevel'
2014-09-09 18:21:38,840 INFO oaep decoding error
2014-09-09 18:21:38,840 INFO oaep decoding error
2014-09-09 18:21:38,864 INFO padding check failed
2014-09-09 18:21:38,864 INFO padding check failed
2014-09-09 18:21:38,884 INFO oaep decoding error
2014-09-09 18:21:38,884 INFO oaep decoding error
2014-09-09 18:21:38,905 INFO padding check failed
2014-09-09 18:21:38,905 INFO padding check failed
2014-09-09 18:21:38,924 INFO oaep decoding error
2014-09-09 18:21:38,924 INFO oaep decoding error
2014-09-09 18:21:38,944 INFO padding check failed
2014-09-09 18:21:38,944 INFO padding check failed
2014-09-09 18:21:38,960 INFO oaep decoding error
2014-09-09 18:21:38,960 INFO oaep decoding error
2014-09-09 18:21:38,977 INFO padding check failed
2014-09-09 18:21:38,977 INFO padding check failed
2014-09-09 18:21:38,994 INFO oaep decoding error
2014-09-09 18:21:38,994 INFO oaep decoding error
2014-09-09 18:21:39,011 INFO padding check failed
2014-09-09 18:21:39,011 INFO padding check failed
2014-09-09 18:21:39,028 INFO oaep decoding error
2014-09-09 18:21:39,028 INFO oaep decoding error
2014-09-09 18:21:39,049 INFO padding check failed
2014-09-09 18:21:39,049 INFO padding check failed
2014-09-09 18:21:39,066 INFO oaep decoding error
2014-09-09 18:21:39,066 INFO oaep decoding error
2014-09-09 18:21:39,085 INFO padding check failed
2014-09-09 18:21:39,085 INFO padding check failed
2014-09-09 18:21:39,103 INFO padding check failed
2014-09-09 18:21:39,103 INFO padding check failed
2014-09-09 18:21:39,120 INFO padding check failed
2014-09-09 18:21:39,120 INFO padding check failed
2014-09-09 18:21:39,137 INFO padding check failed
2014-09-09 18:21:39,137 INFO padding check failed
2014-09-09 18:21:39,161 INFO padding check failed
2014-09-09 18:21:39,161 INFO padding check failed
2014-09-09 18:21:39,188 INFO padding check failed
2014-09-09 18:21:39,188 INFO padding check failed
2014-09-09 18:21:39,208 INFO padding check failed
2014-09-09 18:21:39,208 INFO padding check failed
2014-09-09 18:21:39,227 INFO padding check failed
2014-09-09 18:21:39,227 INFO padding check failed
2014-09-09 18:21:39,245 INFO padding check failed
2014-09-09 18:21:39,245 INFO padding check failed
2014-09-09 18:21:39,262 INFO padding check failed
2014-09-09 18:21:39,262 INFO padding check failed
2014-09-09 18:21:39,280 INFO padding check failed
2014-09-09 18:21:39,280 INFO padding check failed
2014-09-09 18:21:39,297 INFO padding check failed
2014-09-09 18:21:39,297 INFO padding check failed
2014-09-09 18:21:39,316 INFO padding check failed
2014-09-09 18:21:39,316 INFO padding check failed
2014-09-09 18:21:39,334 INFO padding check failed
2014-09-09 18:21:39,334 INFO padding check failed
2014-09-09 18:21:39,355 INFO padding check failed
2014-09-09 18:21:39,355 INFO padding check failed
2014-09-09 18:21:39,377 INFO padding check failed
2014-09-09 18:21:39,377 INFO padding check failed
2014-09-09 18:21:39,394 INFO padding check failed
2014-09-09 18:21:39,394 INFO padding check failed
2014-09-09 18:21:39,412 INFO padding check failed
2014-09-09 18:21:39,412 INFO padding check failed
2014-09-09 18:21:39,429 INFO padding check failed
2014-09-09 18:21:39,429 INFO padding check failed
2014-09-09 18:21:39,448 INFO padding check failed
2014-09-09 18:21:39,448 INFO padding check failed
2014-09-09 18:21:39,492 INFO padding check failed
2014-09-09 18:21:39,492 INFO padding check failed
2014-09-09 18:21:39,515 INFO padding check failed
2014-09-09 18:21:39,515 INFO padding check failed
2014-09-09 18:21:39,542 INFO padding check failed
2014-09-09 18:21:39,542 INFO padding check failed
2014-09-09 18:21:39,559 INFO padding check failed
2014-09-09 18:21:39,559 INFO padding check failed
2014-09-09 18:21:39,580 INFO padding check failed
2014-09-09 18:21:39,580 INFO padding check failed
2014-09-09 18:21:39,602 INFO padding check failed
2014-09-09 18:21:39,602 INFO padding check failed
2014-09-09 18:21:39,624 INFO padding check failed
2014-09-09 18:21:39,624 INFO padding check failed
2014-09-09 18:21:39,642 INFO padding check failed
2014-09-09 18:21:39,642 INFO padding check failed
2014-09-09 18:21:39,660 INFO padding check failed
2014-09-09 18:21:39,660 INFO padding check failed
2014-09-09 18:21:39,678 INFO padding check failed
2014-09-09 18:21:39,678 INFO padding check failed
2014-09-09 18:21:39,697 INFO padding check failed
2014-09-09 18:21:39,697 INFO padding check failed
2014-09-09 18:21:39,718 INFO padding check failed
2014-09-09 18:21:39,718 INFO padding check failed
2014-09-09 18:21:39,739 INFO padding check failed
2014-09-09 18:21:39,739 INFO padding check failed
2014-09-09 18:21:39,757 INFO padding check failed
2014-09-09 18:21:39,757 INFO padding check failed
2014-09-09 18:21:39,777 INFO padding check failed
2014-09-09 18:21:39,777 INFO padding check failed
2014-09-09 18:21:39,799 INFO padding check failed
2014-09-09 18:21:39,799 INFO padding check failed
2014-09-09 18:21:39,823 INFO padding check failed
2014-09-09 18:21:39,823 INFO padding check failed
2014-09-09 18:21:39,851 INFO padding check failed
2014-09-09 18:21:39,851 INFO padding check failed
2014-09-09 18:21:39,882 INFO padding check failed
2014-09-09 18:21:39,882 INFO padding check failed
2014-09-09 18:21:39,908 INFO padding check failed
2014-09-09 18:21:39,908 INFO padding check failed
2014-09-09 18:21:39,943 INFO padding check failed
2014-09-09 18:21:39,943 INFO padding check failed
2014-09-09 18:21:39,962 INFO padding check failed
2014-09-09 18:21:39,962 INFO padding check failed
2014-09-09 18:21:39,980 INFO padding check failed
2014-09-09 18:21:39,980 INFO padding check failed
2014-09-09 18:21:39,998 INFO padding check failed
2014-09-09 18:21:39,998 INFO padding check failed
2014-09-09 18:21:40,015 INFO padding check failed
2014-09-09 18:21:40,015 INFO padding check failed
2014-09-09 18:21:40,034 INFO padding check failed
2014-09-09 18:21:40,034 INFO padding check failed
2014-09-09 18:21:40,052 INFO padding check failed
2014-09-09 18:21:40,052 INFO padding check failed
2014-09-09 18:21:40,074 INFO padding check failed
2014-09-09 18:21:40,074 INFO padding check failed
2014-09-09 18:21:40,092 INFO padding check failed
2014-09-09 18:21:40,092 INFO padding check failed
2014-09-09 18:21:40,111 INFO padding check failed
2014-09-09 18:21:40,111 INFO padding check failed
2014-09-09 18:21:40,131 INFO padding check failed
2014-09-09 18:21:40,131 INFO padding check failed
2014-09-09 18:21:40,152 INFO padding check failed
2014-09-09 18:21:40,152 INFO padding check failed
2014-09-09 18:21:40,173 INFO padding check failed
2014-09-09 18:21:40,173 INFO padding check failed
2014-09-09 18:21:40,194 INFO padding check failed
2014-09-09 18:21:40,194 INFO padding check failed
2014-09-09 18:21:40,218 INFO padding check failed
2014-09-09 18:21:40,218 INFO padding check failed
2014-09-09 18:21:40,245 INFO padding check failed
2014-09-09 18:21:40,245 INFO padding check failed
2014-09-09 18:21:40,268 INFO padding check failed
2014-09-09 18:21:40,268 INFO padding check failed
2014-09-09 18:21:40,290 INFO padding check failed
2014-09-09 18:21:40,290 INFO padding check failed
2014-09-09 18:21:40,315 INFO padding check failed
2014-09-09 18:21:40,315 INFO padding check failed
2014-09-09 18:21:40,338 INFO padding check failed
2014-09-09 18:21:40,338 INFO padding check failed
2014-09-09 18:21:40,360 INFO padding check failed
2014-09-09 18:21:40,360 INFO padding check failed
2014-09-09 18:21:40,382 INFO padding check failed
2014-09-09 18:21:40,382 INFO padding check failed
2014-09-09 18:21:40,400 INFO padding check failed
2014-09-09 18:21:40,400 INFO padding check failed
2014-09-09 18:21:40,418 INFO padding check failed
2014-09-09 18:21:40,418 INFO padding check failed
2014-09-09 18:21:40,438 INFO padding check failed
2014-09-09 18:21:40,438 INFO padding check failed
2014-09-09 18:21:40,457 INFO padding check failed
2014-09-09 18:21:40,457 INFO padding check failed
2014-09-09 18:21:40,477 INFO padding check failed
2014-09-09 18:21:40,477 INFO padding check failed
2014-09-09 18:21:40,494 INFO padding check failed
2014-09-09 18:21:40,494 INFO padding check failed
2014-09-09 18:21:40,513 INFO padding check failed
2014-09-09 18:21:40,513 INFO padding check failed
2014-09-09 18:21:40,534 INFO padding check failed
2014-09-09 18:21:40,534 INFO padding check failed
2014-09-09 18:21:40,554 INFO padding check failed
2014-09-09 18:21:40,554 INFO padding check failed
2014-09-09 18:21:40,572 INFO padding check failed
2014-09-09 18:21:40,572 INFO padding check failed
2014-09-09 18:21:40,595 INFO padding check failed
2014-09-09 18:21:40,595 INFO padding check failed
2014-09-09 18:21:40,614 INFO padding check failed
2014-09-09 18:21:40,614 INFO padding check failed
2014-09-09 18:21:40,632 INFO padding check failed
2014-09-09 18:21:40,632 INFO padding check failed
2014-09-09 18:21:40,651 INFO padding check failed
2014-09-09 18:21:40,651 INFO padding check failed
2014-09-09 18:22:37,520 INFO firstuser has submitted more than once
2014-09-09 18:22:37,520 INFO firstuser has submitted more than once
2014-09-09 18:22:37,537 INFO oaep decoding error
2014-09-09 18:22:37,537 INFO oaep decoding error
2014-09-09 18:22:37,554 INFO padding check failed
2014-09-09 18:22:37,554 INFO padding check failed
2014-09-09 18:22:37,573 INFO oaep decoding error
2014-09-09 18:22:37,573 INFO oaep decoding error
2014-09-09 18:22:37,591 INFO padding check failed
2014-09-09 18:22:37,591 INFO padding check failed
2014-09-09 18:22:37,608 INFO oaep decoding error
2014-09-09 18:22:37,608 INFO oaep decoding error
2014-09-09 18:22:37,626 INFO padding check failed
2014-09-09 18:22:37,626 INFO padding check failed
2014-09-09 18:22:37,643 INFO oaep decoding error
2014-09-09 18:22:37,643 INFO oaep decoding error
2014-09-09 18:22:37,659 INFO padding check failed
2014-09-09 18:22:37,659 INFO padding check failed
2014-09-09 18:22:37,677 INFO oaep decoding error
2014-09-09 18:22:37,677 INFO oaep decoding error
2014-09-09 18:22:37,696 INFO padding check failed
2014-09-09 18:22:37,696 INFO padding check failed
2014-09-09 18:22:37,728 INFO oaep decoding error
2014-09-09 18:22:37,728 INFO oaep decoding error
2014-09-09 18:22:37,744 INFO padding check failed
2014-09-09 18:22:37,744 INFO padding check failed
2014-09-09 18:22:37,762 INFO oaep decoding error
2014-09-09 18:22:37,762 INFO oaep decoding error
2014-09-09 18:22:37,781 INFO padding check failed
2014-09-09 18:22:37,781 INFO padding check failed
2014-09-09 18:22:37,799 INFO padding check failed
2014-09-09 18:22:37,799 INFO padding check failed
2014-09-09 18:22:37,817 INFO padding check failed
2014-09-09 18:22:37,817 INFO padding check failed
2014-09-09 18:22:37,836 INFO padding check failed
2014-09-09 18:22:37,836 INFO padding check failed
2014-09-09 18:22:37,852 INFO padding check failed
2014-09-09 18:22:37,852 INFO padding check failed
2014-09-09 18:22:37,870 INFO padding check failed
2014-09-09 18:22:37,870 INFO padding check failed
2014-09-09 18:22:37,887 INFO padding check failed
2014-09-09 18:22:37,887 INFO padding check failed
2014-09-09 18:22:37,904 INFO padding check failed
2014-09-09 18:22:37,904 INFO padding check failed
2014-09-09 18:22:37,923 INFO padding check failed
2014-09-09 18:22:37,923 INFO padding check failed
2014-09-09 18:22:37,940 INFO padding check failed
2014-09-09 18:22:37,940 INFO padding check failed
2014-09-09 18:22:37,957 INFO padding check failed
2014-09-09 18:22:37,957 INFO padding check failed
2014-09-09 18:22:37,974 INFO padding check failed
2014-09-09 18:22:37,974 INFO padding check failed
2014-09-09 18:22:37,991 INFO padding check failed
2014-09-09 18:22:37,991 INFO padding check failed
2014-09-09 18:22:38,009 INFO padding check failed
2014-09-09 18:22:38,009 INFO padding check failed
2014-09-09 18:22:38,026 INFO padding check failed
2014-09-09 18:22:38,026 INFO padding check failed
2014-09-09 18:22:38,043 INFO padding check failed
2014-09-09 18:22:38,043 INFO padding check failed
2014-09-09 18:22:38,066 INFO padding check failed
2014-09-09 18:22:38,066 INFO padding check failed
2014-09-09 18:22:38,088 INFO padding check failed
2014-09-09 18:22:38,088 INFO padding check failed
2014-09-09 18:22:38,106 INFO padding check failed
2014-09-09 18:22:38,106 INFO padding check failed
2014-09-09 18:22:38,122 INFO padding check failed
2014-09-09 18:22:38,122 INFO padding check failed
2014-09-09 18:22:38,139 INFO padding check failed
2014-09-09 18:22:38,139 INFO padding check failed
2014-09-09 18:22:38,156 INFO padding check failed
2014-09-09 18:22:38,156 INFO padding check failed
2014-09-09 18:22:38,173 INFO padding check failed
2014-09-09 18:22:38,173 INFO padding check failed
2014-09-09 18:22:38,191 INFO padding check failed
2014-09-09 18:22:38,191 INFO padding check failed
2014-09-09 18:22:38,209 INFO padding check failed
2014-09-09 18:22:38,209 INFO padding check failed
2014-09-09 18:22:38,226 INFO padding check failed
2014-09-09 18:22:38,226 INFO padding check failed
2014-09-09 18:22:38,244 INFO padding check failed
2014-09-09 18:22:38,244 INFO padding check failed
2014-09-09 18:22:38,263 INFO padding check failed
2014-09-09 18:22:38,263 INFO padding check failed
2014-09-09 18:22:38,280 INFO padding check failed
2014-09-09 18:22:38,280 INFO padding check failed
2014-09-09 18:22:38,298 INFO padding check failed
2014-09-09 18:22:38,298 INFO padding check failed
2014-09-09 18:22:38,316 INFO padding check failed
2014-09-09 18:22:38,316 INFO padding check failed
2014-09-09 18:22:38,335 INFO padding check failed
2014-09-09 18:22:38,335 INFO padding check failed
2014-09-09 18:22:38,357 INFO padding check failed
2014-09-09 18:22:38,357 INFO padding check failed
2014-09-09 18:22:38,374 INFO padding check failed
2014-09-09 18:22:38,374 INFO padding check failed
2014-09-09 18:22:38,392 INFO padding check failed
2014-09-09 18:22:38,392 INFO padding check failed
2014-09-09 18:22:38,411 INFO padding check failed
2014-09-09 18:22:38,411 INFO padding check failed
2014-09-09 18:22:38,428 INFO padding check failed
2014-09-09 18:22:38,428 INFO padding check failed
2014-09-09 18:22:38,445 INFO padding check failed
2014-09-09 18:22:38,445 INFO padding check failed
2014-09-09 18:22:38,466 INFO padding check failed
2014-09-09 18:22:38,466 INFO padding check failed
2014-09-09 18:22:38,484 INFO padding check failed
2014-09-09 18:22:38,484 INFO padding check failed
2014-09-09 18:22:38,501 INFO padding check failed
2014-09-09 18:22:38,501 INFO padding check failed
2014-09-09 18:22:38,519 INFO padding check failed
2014-09-09 18:22:38,519 INFO padding check failed
2014-09-09 18:22:38,536 INFO padding check failed
2014-09-09 18:22:38,536 INFO padding check failed
2014-09-09 18:22:38,553 INFO padding check failed
2014-09-09 18:22:38,553 INFO padding check failed
2014-09-09 18:22:38,573 INFO padding check failed
2014-09-09 18:22:38,573 INFO padding check failed
2014-09-09 18:22:38,591 INFO padding check failed
2014-09-09 18:22:38,591 INFO padding check failed
2014-09-09 18:22:38,619 INFO padding check failed
2014-09-09 18:22:38,619 INFO padding check failed
2014-09-09 18:22:38,641 INFO padding check failed
2014-09-09 18:22:38,641 INFO padding check failed
2014-09-09 18:22:38,662 INFO padding check failed
2014-09-09 18:22:38,662 INFO padding check failed
2014-09-09 18:22:38,685 INFO padding check failed
2014-09-09 18:22:38,685 INFO padding check failed
2014-09-09 18:22:38,712 INFO padding check failed
2014-09-09 18:22:38,712 INFO padding check failed
2014-09-09 18:22:38,737 INFO padding check failed
2014-09-09 18:22:38,737 INFO padding check failed
2014-09-09 18:22:38,756 INFO padding check failed
2014-09-09 18:22:38,756 INFO padding check failed
2014-09-09 18:22:38,784 INFO padding check failed
2014-09-09 18:22:38,784 INFO padding check failed
2014-09-09 18:22:38,803 INFO padding check failed
2014-09-09 18:22:38,803 INFO padding check failed
2014-09-09 18:22:38,822 INFO padding check failed
2014-09-09 18:22:38,822 INFO padding check failed
2014-09-09 18:22:38,843 INFO padding check failed
2014-09-09 18:22:38,843 INFO padding check failed
2014-09-09 18:22:38,861 INFO padding check failed
2014-09-09 18:22:38,861 INFO padding check failed
2014-09-09 18:22:38,880 INFO padding check failed
2014-09-09 18:22:38,880 INFO padding check failed
2014-09-09 18:22:38,899 INFO padding check failed
2014-09-09 18:22:38,899 INFO padding check failed
2014-09-09 18:22:38,918 INFO padding check failed
2014-09-09 18:22:38,918 INFO padding check failed
2014-09-09 18:22:38,937 INFO padding check failed
2014-09-09 18:22:38,937 INFO padding check failed
2014-09-09 18:22:38,957 INFO padding check failed
2014-09-09 18:22:38,957 INFO padding check failed
2014-09-09 18:22:38,974 INFO padding check failed
2014-09-09 18:22:38,974 INFO padding check failed
2014-09-09 18:22:38,992 INFO padding check failed
2014-09-09 18:22:38,992 INFO padding check failed
2014-09-09 18:22:39,012 INFO padding check failed
2014-09-09 18:22:39,012 INFO padding check failed
2014-09-09 18:22:39,030 INFO padding check failed
2014-09-09 18:22:39,030 INFO padding check failed
2014-09-09 18:22:39,048 INFO padding check failed
2014-09-09 18:22:39,048 INFO padding check failed
2014-09-09 18:22:39,070 INFO padding check failed
2014-09-09 18:22:39,070 INFO padding check failed
2014-09-09 18:22:39,091 INFO padding check failed
2014-09-09 18:22:39,091 INFO padding check failed
2014-09-09 18:22:39,112 INFO padding check failed
2014-09-09 18:22:39,112 INFO padding check failed
2014-09-09 18:22:39,130 INFO padding check failed
2014-09-09 18:22:39,130 INFO padding check failed
2014-09-09 18:22:39,150 INFO padding check failed
2014-09-09 18:22:39,150 INFO padding check failed
2014-09-09 18:22:39,169 INFO padding check failed
2014-09-09 18:22:39,169 INFO padding check failed
2014-09-09 18:22:39,187 INFO padding check failed
2014-09-09 18:22:39,187 INFO padding check failed
2014-09-09 18:22:39,209 INFO padding check failed
2014-09-09 18:22:39,209 INFO padding check failed
2014-09-09 18:22:39,227 INFO padding check failed
2014-09-09 18:22:39,227 INFO padding check failed
2014-09-09 18:22:39,247 INFO padding check failed
2014-09-09 18:22:39,247 INFO padding check failed
2014-09-09 18:22:39,269 INFO padding check failed
2014-09-09 18:22:39,269 INFO padding check failed
2014-09-09 18:22:39,289 INFO padding check failed
2014-09-09 18:22:39,289 INFO padding check failed
2014-09-09 18:22:39,309 INFO padding check failed
2014-09-09 18:22:39,309 INFO padding check failed
2014-09-09 18:22:39,327 INFO padding check failed
2014-09-09 18:22:39,327 INFO padding check failed
2014-09-09 18:22:39,346 INFO padding check failed
2014-09-09 18:22:39,346 INFO padding check failed
2014-09-09 18:22:39,373 INFO padding check failed
2014-09-09 18:22:39,373 INFO padding check failed
2014-09-09 18:22:39,391 INFO padding check failed
2014-09-09 18:22:39,391 INFO padding check failed
2014-09-09 18:29:14,484 INFO firstuser has submitted more than once
2014-09-09 18:29:14,484 INFO firstuser has submitted more than once
2014-09-09 18:29:14,486 INFO Ciphertext with incorrect length.
2014-09-09 18:29:14,486 INFO Ciphertext with incorrect length.
2014-09-09 18:32:04,402 INFO Ciphertext with incorrect length.
2014-09-09 18:32:04,402 INFO Ciphertext with incorrect length.
2014-09-09 18:33:03,844 INFO 'module' object has no attribute 'loglevel'
2014-09-09 18:33:56,970 INFO Ciphertext with incorrect length.
2014-09-09 18:33:56,970 INFO Ciphertext with incorrect length.
2014-09-09 18:34:38,580 INFO firstuser has submitted more than once
2014-09-09 18:34:38,580 INFO firstuser has submitted more than once
2014-09-09 18:34:38,582 INFO Ciphertext with incorrect length.
2014-09-09 18:34:38,582 INFO Ciphertext with incorrect length.
2014-09-09 18:41:10,554 INFO firstuser has submitted more than once
2014-09-09 18:41:10,554 INFO firstuser has submitted more than once
2014-09-09 18:41:10,556 INFO Ciphertext with incorrect length.
2014-09-09 18:41:10,556 INFO Ciphertext with incorrect length.
2014-09-09 18:43:37,418 INFO firstuser has submitted more than once
2014-09-09 18:43:37,418 INFO firstuser has submitted more than once
2014-09-09 18:43:37,421 INFO Ciphertext with incorrect length.
2014-09-09 18:43:37,421 INFO Ciphertext with incorrect length.
2014-09-09 18:44:19,141 INFO firstuser has submitted more than once
2014-09-09 18:44:19,141 INFO firstuser has submitted more than once
2014-09-09 18:44:19,143 INFO Ciphertext with incorrect length.
2014-09-09 18:44:19,143 INFO Ciphertext with incorrect length.
2014-09-09 18:44:28,744 INFO firstuser has submitted more than once
2014-09-09 18:44:28,744 INFO firstuser has submitted more than once
2014-09-09 18:44:28,746 INFO Ciphertext with incorrect length.
2014-09-09 18:44:28,746 INFO Ciphertext with incorrect length.
2014-09-09 18:44:40,520 INFO firstuser has submitted more than once
2014-09-09 18:44:40,520 INFO firstuser has submitted more than once
2014-09-09 18:44:40,523 INFO Ciphertext with incorrect length.
2014-09-09 18:44:40,523 INFO Ciphertext with incorrect length.
2014-09-09 18:45:02,069 INFO firstuser has submitted more than once
2014-09-09 18:45:02,069 INFO firstuser has submitted more than once
2014-09-09 18:45:02,071 INFO Ciphertext with incorrect length.
2014-09-09 18:45:02,071 INFO Ciphertext with incorrect length.
2014-09-09 18:45:41,278 INFO firstuser has submitted more than once
2014-09-09 18:45:41,278 INFO firstuser has submitted more than once
2014-09-09 18:45:41,280 INFO Ciphertext with incorrect length.
2014-09-09 18:45:41,280 INFO Ciphertext with incorrect length.
2014-09-09 18:45:54,800 INFO firstuser has submitted more than once
2014-09-09 18:45:54,800 INFO firstuser has submitted more than once
2014-09-09 18:45:54,801 INFO Ciphertext with incorrect length.
2014-09-09 18:45:54,801 INFO Ciphertext with incorrect length.
2014-09-09 18:46:22,437 INFO firstuser has submitted more than once
2014-09-09 18:46:22,437 INFO firstuser has submitted more than once
2014-09-09 18:46:22,439 INFO Ciphertext with incorrect length.
2014-09-09 18:46:22,439 INFO Ciphertext with incorrect length.
2014-09-09 18:47:32,547 INFO firstuser has submitted more than once
2014-09-09 18:47:32,547 INFO firstuser has submitted more than once
2014-09-09 18:47:32,549 INFO Ciphertext with incorrect length.
2014-09-09 18:47:32,549 INFO Ciphertext with incorrect length.
2014-09-09 18:48:01,012 INFO firstuser has submitted more than once
2014-09-09 18:48:01,012 INFO firstuser has submitted more than once
2014-09-09 18:48:01,014 INFO Ciphertext with incorrect length.
2014-09-09 18:48:01,014 INFO Ciphertext with incorrect length.
2014-09-09 18:48:10,662 INFO firstuser has submitted more than once
2014-09-09 18:48:10,662 INFO firstuser has submitted more than once
2014-09-09 18:48:10,663 INFO Ciphertext with incorrect length.
2014-09-09 18:48:10,663 INFO Ciphertext with incorrect length.
2014-09-09 18:48:53,280 INFO firstuser has submitted more than once
2014-09-09 18:48:53,280 INFO firstuser has submitted more than once
2014-09-09 18:48:53,282 INFO Ciphertext with incorrect length.
2014-09-09 18:48:53,282 INFO Ciphertext with incorrect length.
2014-09-09 18:49:51,245 INFO firstuser has submitted more than once
2014-09-09 18:49:51,245 INFO firstuser has submitted more than once
2014-09-09 18:49:51,247 INFO Ciphertext with incorrect length.
2014-09-09 18:49:51,247 INFO Ciphertext with incorrect length.
2014-09-09 18:50:05,905 INFO firstuser has submitted more than once
2014-09-09 18:50:05,905 INFO firstuser has submitted more than once
2014-09-09 18:50:05,907 INFO Ciphertext with incorrect length.
2014-09-09 18:50:05,907 INFO Ciphertext with incorrect length.
2014-09-09 18:50:16,221 INFO firstuser has submitted more than once
2014-09-09 18:50:16,221 INFO firstuser has submitted more than once
2014-09-09 18:50:16,224 INFO Ciphertext with incorrect length.
2014-09-09 18:50:16,224 INFO Ciphertext with incorrect length.
2014-09-09 18:50:22,393 INFO firstuser has submitted more than once
2014-09-09 18:50:22,393 INFO firstuser has submitted more than once
2014-09-09 18:50:22,395 INFO Ciphertext with incorrect length.
2014-09-09 18:50:22,395 INFO Ciphertext with incorrect length.
2014-09-09 18:51:24,440 INFO firstuser has submitted more than once
2014-09-09 18:51:24,440 INFO firstuser has submitted more than once
2014-09-09 18:51:24,442 INFO Ciphertext with incorrect length.
2014-09-09 18:51:24,442 INFO Ciphertext with incorrect length.
2014-09-09 18:52:33,604 INFO firstuser has submitted more than once
2014-09-09 18:52:33,604 INFO firstuser has submitted more than once
2014-09-09 18:52:33,607 INFO Ciphertext with incorrect length.
2014-09-09 18:52:33,607 INFO Ciphertext with incorrect length.
2014-09-09 18:53:04,325 INFO firstuser has submitted more than once
2014-09-09 18:53:04,325 INFO firstuser has submitted more than once
2014-09-09 18:53:04,328 INFO Ciphertext with incorrect length.
2014-09-09 18:53:04,328 INFO Ciphertext with incorrect length.
2014-09-09 18:53:24,898 INFO firstuser has submitted more than once
2014-09-09 18:53:24,898 INFO firstuser has submitted more than once
2014-09-09 18:53:24,899 INFO Ciphertext with incorrect length.
2014-09-09 18:53:24,899 INFO Ciphertext with incorrect length.
2014-09-09 18:54:07,918 INFO firstuser has submitted more than once
2014-09-09 18:54:07,918 INFO firstuser has submitted more than once
2014-09-09 18:54:07,920 INFO Ciphertext with incorrect length.
2014-09-09 18:54:07,920 INFO Ciphertext with incorrect length.
